
The following have been reloaded with a version change:
  1) all/CUDA/12.1.0 => all/CUDA/11.7.0

wandb: Using wandb-core as the SDK backend. Please refer to https://wandb.me/wandb-core for more information.
wandb: Currently logged in as: williambittner (william_masterthesis). Use `wandb login --relogin` to force relogin
wandb: WARNING Path /work/williamb/gnode_wandb/wandb/ wasn't writable, using system temp directory.
wandb: Tracking run with wandb version 0.18.5
wandb: Run data is saved locally in /tmp/wandb/run-20241213_112725-ngt61rim
wandb: Run `wandb offline` to turn off syncing.
wandb: Syncing run worthy-dew-34
wandb: ⭐️ View project at https://wandb.ai/william_masterthesis/tmp
wandb: 🚀 View run at https://wandb.ai/william_masterthesis/tmp/runs/ngt61rim
Traceback (most recent call last):
  File "/users/williamb/dev/gnode/main.py", line 187, in <module>
    main()
  File "/users/williamb/dev/gnode/main.py", line 69, in main
    train_dataset = PointcloudDataset(
  File "/athenahomes/williamb/dev/gnode/dataloader.py", line 435, in __init__
    raise FileNotFoundError(f"Split directory {self.split_dir} not found")
FileNotFoundError: Split directory /scratch/shared/beegfs/williamb/gnode/data/orbiting_dataset_corrected/train not found
Traceback (most recent call last):
  File "/users/williamb/dev/gnode/main.py", line 187, in <module>
    main()
  File "/users/williamb/dev/gnode/main.py", line 69, in main
    train_dataset = PointcloudDataset(
  File "/athenahomes/williamb/dev/gnode/dataloader.py", line 435, in __init__
    raise FileNotFoundError(f"Split directory {self.split_dir} not found")
FileNotFoundError: Split directory /scratch/shared/beegfs/williamb/gnode/data/orbiting_dataset_corrected/train not found
