Lmod has detected the following error: The following module(s) are unknown:
"cuda/11.7"

Please check the spelling or version number. Also try "module spider ..."



wandb: Using wandb-core as the SDK backend. Please refer to https://wandb.me/wandb-core for more information.
wandb: Currently logged in as: williambittner (william_masterthesis). Use `wandb login --relogin` to force relogin
wandb: WARNING Path /work/williamb/gnode_wandb/wandb/ wasn't writable, using system temp directory.
wandb: Tracking run with wandb version 0.18.5
wandb: Run data is saved locally in /tmp/wandb/run-20241212_101839-xb6tdmb3
wandb: Run `wandb offline` to turn off syncing.
wandb: Syncing run noble-glitter-21
wandb: ⭐️ View project at https://wandb.ai/william_masterthesis/tmp
wandb: 🚀 View run at https://wandb.ai/william_masterthesis/tmp/runs/xb6tdmb3
Traceback (most recent call last):
  File "/users/williamb/dev/gnode/main.py", line 166, in <module>
    main()
  File "/users/williamb/dev/gnode/main.py", line 67, in main
    train_dataset = PointcloudDataset(
  File "/athenahomes/williamb/dev/gnode/dataloader.py", line 435, in __init__
    raise FileNotFoundError(f"Split directory {self.split_dir} not found")
FileNotFoundError: Split directory data/orbiting_dataset_corrected/train not found
Traceback (most recent call last):
  File "/users/williamb/dev/gnode/main.py", line 166, in <module>
    main()
  File "/users/williamb/dev/gnode/main.py", line 67, in main
    train_dataset = PointcloudDataset(
  File "/athenahomes/williamb/dev/gnode/dataloader.py", line 435, in __init__
    raise FileNotFoundError(f"Split directory {self.split_dir} not found")
FileNotFoundError: Split directory data/orbiting_dataset_corrected/train not found
