
----------------------- /usr/share/lmod/lmod/modulefiles -----------------------
   Core/lmod/6.6    Core/settarg/6.6

---------------------------- /apps/software/modules ----------------------------
   ai/PyTorch/2.1.2-foss-2023b
   all/Abseil/20240116.1-GCCcore-13.2.0
   all/Autoconf/2.71-GCCcore-11.3.0
   all/Autoconf/2.71-GCCcore-12.2.0
   all/Autoconf/2.71-GCCcore-12.3.0
   all/Autoconf/2.71-GCCcore-13.2.0
   all/Autoconf/2.71                              (D)
   all/Automake/1.16.5-GCCcore-11.3.0
   all/Automake/1.16.5-GCCcore-12.2.0
   all/Automake/1.16.5-GCCcore-12.3.0
   all/Automake/1.16.5-GCCcore-13.2.0
   all/Automake/1.16.5                            (D)
   all/Autotools/20220317-GCCcore-11.3.0
   all/Autotools/20220317-GCCcore-12.2.0
   all/Autotools/20220317-GCCcore-12.3.0
   all/Autotools/20220317-GCCcore-13.2.0
   all/Autotools/20220317                         (D)
   all/BLIS/0.9.0-GCC-12.3.0
   all/BLIS/0.9.0-GCC-13.2.0                      (D)
   all/Bison/3.8.2-GCCcore-11.3.0
   all/Bison/3.8.2-GCCcore-12.2.0
   all/Bison/3.8.2-GCCcore-12.3.0
   all/Bison/3.8.2-GCCcore-13.2.0
   all/Bison/3.8.2                                (D)
   all/Brotli/1.0.9-GCCcore-12.2.0
   all/Brotli/1.1.0-GCCcore-13.2.0                (D)
   all/CMake/3.24.3-GCCcore-12.2.0
   all/CMake/3.26.3-GCCcore-12.3.0
   all/CMake/3.27.6-GCCcore-13.2.0                (D)
   all/CUDA/11.3.1
   all/CUDA/11.4.2
   all/CUDA/11.5.0
   all/CUDA/11.5.2
   all/CUDA/11.6.0
   all/CUDA/11.7.0
   all/CUDA/11.8.0
   all/CUDA/12.1.0                                (L)
   all/CUDA/12.2.0
   all/CUDA/12.3.0
   all/CUDA/12.4.0                                (D)
   all/Catch2/2.13.9-GCCcore-12.3.0
   all/Catch2/2.13.9-GCCcore-13.2.0               (D)
   all/DB/18.1.40-GCCcore-11.3.0
   all/DB/18.1.40-GCCcore-12.2.0                  (D)
   all/Doxygen/1.9.5-GCCcore-12.2.0
   all/Doxygen/1.9.8-GCCcore-13.2.0               (D)
   all/Eigen/3.4.0-GCCcore-12.3.0
   all/Eigen/3.4.0-GCCcore-13.2.0                 (D)
   all/FFTW/3.3.10-GCC-12.3.0
   all/FFTW/3.3.10-GCC-13.2.0                     (D)
   all/FFTW.MPI/3.3.10-gompi-2023a
   all/FFTW.MPI/3.3.10-gompi-2023b                (D)
   all/FFmpeg/6.0-GCCcore-13.2.0
   all/FlexiBLAS/3.3.1-GCC-12.3.0
   all/FlexiBLAS/3.3.1-GCC-13.2.0                 (D)
   all/FriBidi/1.0.13-GCCcore-13.2.0
   all/GCC/12.3.0
   all/GCC/13.2.0                                 (D)
   all/GCCcore/11.3.0
   all/GCCcore/12.2.0
   all/GCCcore/12.3.0
   all/GCCcore/13.2.0                             (D)
   all/GMP/6.2.1-GCCcore-12.2.0
   all/GMP/6.3.0-GCCcore-13.2.0                   (D)
   all/LAME/3.100-GCCcore-13.2.0
   all/LibTIFF/4.6.0-GCCcore-13.2.0
   all/LittleCMS/2.15-GCCcore-13.2.0
   all/M4/1.4.18
   all/M4/1.4.19-GCCcore-11.3.0
   all/M4/1.4.19-GCCcore-12.2.0
   all/M4/1.4.19-GCCcore-12.3.0
   all/M4/1.4.19-GCCcore-13.2.0
   all/M4/1.4.19                                  (D)
   all/MPC/1.3.1-GCCcore-13.2.0
   all/MPFR/4.2.1-GCCcore-13.2.0
   all/Meson/0.64.0-GCCcore-12.2.0
   all/Meson/1.2.3-GCCcore-13.2.0                 (D)
   all/NASM/2.16.01-GCCcore-13.2.0
   all/Ninja/1.11.1-GCCcore-12.2.0
   all/Ninja/1.11.1-GCCcore-12.3.0
   all/Ninja/1.11.1-GCCcore-13.2.0                (D)
   all/OpenBLAS/0.3.23-GCC-12.3.0
   all/OpenBLAS/0.3.24-GCC-13.2.0                 (D)
   all/OpenJPEG/2.5.0-GCCcore-13.2.0
   all/OpenMPI/4.1.5-GCC-12.3.0
   all/OpenMPI/4.1.6-GCC-13.2.0                   (D)
   all/OpenSSL/1.1
   all/PMIx/4.2.4-GCCcore-12.3.0
   all/PMIx/4.2.6-GCCcore-13.2.0                  (D)
   all/Perl/5.34.1-GCCcore-11.3.0
   all/Perl/5.36.0-GCCcore-12.2.0
   all/Perl/5.36.1-GCCcore-12.3.0
   all/Perl/5.38.0-GCCcore-13.2.0                 (D)
   all/Perl-bundle-CPAN/5.38.0-GCCcore-13.2.0
   all/Pillow/10.2.0-GCCcore-13.2.0
   all/PyTorch/2.1.2-foss-2023b
   all/PyYAML/6.0.1-GCCcore-13.2.0
   all/Python/3.10.8-GCCcore-12.2.0-bare
   all/Python/3.10.8-GCCcore-12.2.0
   all/Python/3.11.3-GCCcore-12.3.0
   all/Python/3.11.5-GCCcore-13.2.0               (D)
   all/Python-bundle-PyPI/2023.06-GCCcore-12.3.0
   all/Python-bundle-PyPI/2023.10-GCCcore-13.2.0  (D)
   all/Rust/1.65.0-GCCcore-12.2.0
   all/Rust/1.70.0-GCCcore-12.3.0
   all/Rust/1.73.0-GCCcore-13.2.0                 (D)
   all/SDL2/2.28.5-GCCcore-13.2.0
   all/SQLite/3.39.4-GCCcore-12.2.0
   all/SQLite/3.42.0-GCCcore-12.3.0
   all/SQLite/3.43.1-GCCcore-13.2.0               (D)
   all/ScaLAPACK/2.2.0-gompi-2023a-fb
   all/ScaLAPACK/2.2.0-gompi-2023b-fb             (D)
   all/SciPy-bundle/2023.11-gfbf-2023b
   all/Tcl/8.6.12-GCCcore-12.2.0
   all/Tcl/8.6.13-GCCcore-12.3.0
   all/Tcl/8.6.13-GCCcore-13.2.0                  (D)
   all/UCC/1.2.0-GCCcore-12.3.0
   all/UCC/1.2.0-GCCcore-13.2.0                   (D)
   all/UCX/1.14.1-GCCcore-12.3.0
   all/UCX/1.15.0-GCCcore-13.2.0                  (D)
   all/UnZip/6.0-GCCcore-12.2.0
   all/UnZip/6.0-GCCcore-12.3.0
   all/UnZip/6.0-GCCcore-13.2.0                   (D)
   all/X11/20221110-GCCcore-12.2.0
   all/X11/20231019-GCCcore-13.2.0                (D)
   all/XZ/5.2.5-GCCcore-11.3.0
   all/XZ/5.2.7-GCCcore-12.2.0
   all/XZ/5.4.2-GCCcore-12.3.0
   all/XZ/5.4.4-GCCcore-13.2.0                    (D)
   all/Yasm/1.3.0-GCCcore-13.2.0
   all/Z3/4.13.0-GCCcore-13.2.0
   all/binutils/2.38-GCCcore-11.3.0
   all/binutils/2.38
   all/binutils/2.39-GCCcore-12.2.0
   all/binutils/2.39
   all/binutils/2.40-GCCcore-12.3.0
   all/binutils/2.40-GCCcore-13.2.0
   all/binutils/2.40                              (D)
   all/bzip2/1.0.8-GCCcore-12.2.0
   all/bzip2/1.0.8-GCCcore-12.3.0
   all/bzip2/1.0.8-GCCcore-13.2.0                 (D)
   all/cURL/7.86.0-GCCcore-12.2.0
   all/cURL/8.0.1-GCCcore-12.3.0
   all/cURL/8.3.0-GCCcore-13.2.0                  (D)
   all/cffi/1.15.1-GCCcore-12.3.0
   all/cffi/1.15.1-GCCcore-13.2.0                 (D)
   all/cryptography/41.0.1-GCCcore-12.3.0
   all/cryptography/41.0.5-GCCcore-13.2.0         (D)
   all/cuDNN/8.4.1.50-CUDA-11.7.0
   all/cuDNN/8.9.7.29-CUDA-12.3.0                 (D)
   all/expat/2.4.8-GCCcore-11.3.0
   all/expat/2.4.9-GCCcore-12.2.0
   all/expat/2.5.0-GCCcore-12.3.0
   all/expat/2.5.0-GCCcore-13.2.0                 (D)
   all/expecttest/0.2.1-GCCcore-13.2.0
   all/ffnvcodec/12.1.14.0
   all/flex/2.6.4-GCCcore-11.3.0
   all/flex/2.6.4-GCCcore-12.2.0
   all/flex/2.6.4-GCCcore-12.3.0
   all/flex/2.6.4-GCCcore-13.2.0
   all/flex/2.6.4                                 (D)
   all/flit/3.9.0-GCCcore-12.3.0
   all/flit/3.9.0-GCCcore-13.2.0                  (D)
   all/fontconfig/2.14.1-GCCcore-12.2.0
   all/fontconfig/2.14.2-GCCcore-13.2.0           (D)
   all/foss/2023a
   all/foss/2023b                                 (D)
   all/freetype/2.12.1-GCCcore-12.2.0
   all/freetype/2.13.2-GCCcore-13.2.0             (D)
   all/gettext/0.21
   all/gettext/0.21.1-GCCcore-12.2.0
   all/gettext/0.21.1-GCCcore-12.3.0
   all/gettext/0.21.1
   all/gettext/0.22-GCCcore-13.2.0
   all/gettext/0.22                               (D)
   all/gfbf/2023b
   all/giflib/5.2.1-GCCcore-13.2.0
   all/git/2.38.1-GCCcore-12.2.0-nodocs
   all/git/2.41.0-GCCcore-12.3.0-nodocs
   all/git/2.42.0-GCCcore-13.2.0                  (D)
   all/gmpy2/2.1.5-GCC-13.2.0
   all/gompi/2023a
   all/gompi/2023b                                (D)
   all/gperf/3.1-GCCcore-12.2.0
   all/gperf/3.1-GCCcore-13.2.0                   (D)
   all/groff/1.22.4-GCCcore-11.3.0
   all/groff/1.22.4-GCCcore-12.2.0
   all/groff/1.23.0-GCCcore-13.2.0                (D)
   all/gzip/1.13-GCCcore-13.2.0
   all/hatchling/1.18.0-GCCcore-12.3.0
   all/hatchling/1.18.0-GCCcore-13.2.0            (D)
   all/help2man/1.49.2-GCCcore-11.3.0
   all/help2man/1.49.2-GCCcore-12.2.0
   all/help2man/1.49.3-GCCcore-12.3.0
   all/help2man/1.49.3-GCCcore-13.2.0             (D)
   all/hwloc/2.7.1-GCCcore-11.3.0
   all/hwloc/2.9.1-GCCcore-12.3.0
   all/hwloc/2.9.2-GCCcore-13.2.0                 (D)
   all/hypothesis/6.90.0-GCCcore-13.2.0
   all/intltool/0.51.0-GCCcore-12.2.0
   all/intltool/0.51.0-GCCcore-13.2.0             (D)
   all/jbigkit/2.1-GCCcore-13.2.0
   all/json-c/0.17-GCCcore-13.2.0
   all/libarchive/3.6.1-GCCcore-12.2.0
   all/libarchive/3.6.2-GCCcore-12.3.0
   all/libarchive/3.7.2-GCCcore-13.2.0            (D)
   all/libdeflate/1.19-GCCcore-13.2.0
   all/libdrm/2.4.114-GCCcore-12.2.0
   all/libevent/2.1.12-GCCcore-12.3.0
   all/libevent/2.1.12-GCCcore-13.2.0             (D)
   all/libfabric/1.18.0-GCCcore-12.3.0
   all/libfabric/1.19.0-GCCcore-13.2.0            (D)
   all/libffi/3.4.4-GCCcore-12.2.0
   all/libffi/3.4.4-GCCcore-12.3.0
   all/libffi/3.4.4-GCCcore-13.2.0                (D)
   all/libiconv/1.17-GCCcore-12.2.0
   all/libiconv/1.17-GCCcore-13.2.0               (D)
   all/libjpeg-turbo/3.0.1-GCCcore-13.2.0
   all/libpciaccess/0.16-GCCcore-11.3.0
   all/libpciaccess/0.17-GCCcore-12.2.0
   all/libpciaccess/0.17-GCCcore-12.3.0
   all/libpciaccess/0.17-GCCcore-13.2.0           (D)
   all/libpng/1.6.38-GCCcore-12.2.0
   all/libpng/1.6.40-GCCcore-13.2.0               (D)
   all/libreadline/8.1.2-GCCcore-11.3.0
   all/libreadline/8.2-GCCcore-12.2.0
   all/libreadline/8.2-GCCcore-12.3.0
   all/libreadline/8.2-GCCcore-13.2.0             (D)
   all/libtool/2.4.7-GCCcore-11.3.0
   all/libtool/2.4.7-GCCcore-12.2.0
   all/libtool/2.4.7-GCCcore-12.3.0
   all/libtool/2.4.7-GCCcore-13.2.0
   all/libtool/2.4.7                              (D)
   all/libwebp/1.3.2-GCCcore-13.2.0
   all/libxml2/2.9.13-GCCcore-11.3.0
   all/libxml2/2.10.3-GCCcore-12.2.0
   all/libxml2/2.11.4-GCCcore-12.3.0
   all/libxml2/2.11.5-GCCcore-13.2.0              (D)
   all/libyaml/0.2.5-GCCcore-13.2.0
   all/lz4/1.9.4-GCCcore-13.2.0
   all/make/4.4.1-GCCcore-12.3.0
   all/make/4.4.1-GCCcore-13.2.0                  (D)
   all/meson-python/0.15.0-GCCcore-13.2.0
   all/ncurses/6.2
   all/ncurses/6.3-GCCcore-11.3.0
   all/ncurses/6.3-GCCcore-12.2.0
   all/ncurses/6.3
   all/ncurses/6.4-GCCcore-12.3.0
   all/ncurses/6.4-GCCcore-13.2.0
   all/ncurses/6.4                                (D)
   all/networkx/3.2.1-gfbf-2023b
   all/numactl/2.0.14-GCCcore-11.3.0
   all/numactl/2.0.16-GCCcore-12.3.0
   all/numactl/2.0.16-GCCcore-13.2.0              (D)
   all/nvtop/3.0.1-GCCcore-12.2.0
   all/patchelf/0.18.0-GCCcore-12.3.0
   all/patchelf/0.18.0-GCCcore-13.2.0             (D)
   all/pkgconf/1.8.0
   all/pkgconf/1.9.3-GCCcore-12.2.0
   all/pkgconf/1.9.5-GCCcore-12.3.0
   all/pkgconf/2.0.3-GCCcore-13.2.0               (D)
   all/poetry/1.5.1-GCCcore-12.3.0
   all/poetry/1.6.1-GCCcore-13.2.0                (D)
   all/protobuf/25.3-GCCcore-13.2.0
   all/protobuf-python/4.25.3-GCCcore-13.2.0
   all/pybind11/2.11.1-GCCcore-12.3.0
   all/pybind11/2.11.1-GCCcore-13.2.0             (D)
   all/pytest-flakefinder/1.1.0-GCCcore-13.2.0
   all/pytest-rerunfailures/14.0-GCCcore-13.2.0
   all/pytest-shard/0.1.2-GCCcore-13.2.0
   all/scikit-build/0.17.6-GCCcore-12.3.0
   all/scikit-build/0.17.6-GCCcore-13.2.0         (D)
   all/setuptools-rust/1.6.0-GCCcore-12.3.0
   all/setuptools-rust/1.8.0-GCCcore-13.2.0       (D)
   all/sympy/1.12-gfbf-2023b
   all/util-linux/2.38.1-GCCcore-12.2.0
   all/util-linux/2.39-GCCcore-13.2.0             (D)
   all/virtualenv/20.23.1-GCCcore-12.3.0
   all/virtualenv/20.24.6-GCCcore-13.2.0          (D)
   all/x264/20231019-GCCcore-13.2.0
   all/x265/3.5-GCCcore-13.2.0
   all/xorg-macros/1.19.3-GCCcore-11.3.0
   all/xorg-macros/1.19.3-GCCcore-12.2.0
   all/xorg-macros/1.20.0-GCCcore-12.3.0
   all/xorg-macros/1.20.0-GCCcore-13.2.0          (D)
   all/zlib/1.2.12-GCCcore-11.3.0
   all/zlib/1.2.12-GCCcore-12.2.0
   all/zlib/1.2.12
   all/zlib/1.2.13-GCCcore-12.3.0
   all/zlib/1.2.13-GCCcore-13.2.0
   all/zlib/1.2.13                                (D)
   all/zstd/1.5.5-GCCcore-13.2.0
   compiler/GCC/12.3.0
   compiler/GCC/13.2.0                            (D)
   compiler/GCCcore/11.3.0
   compiler/GCCcore/12.2.0
   compiler/GCCcore/12.3.0
   compiler/GCCcore/13.2.0                        (D)
   data/LAME/3.100-GCCcore-13.2.0
   devel/Autoconf/2.71-GCCcore-11.3.0
   devel/Autoconf/2.71-GCCcore-12.2.0
   devel/Autoconf/2.71-GCCcore-12.3.0
   devel/Autoconf/2.71-GCCcore-13.2.0
   devel/Autoconf/2.71                            (D)
   devel/Automake/1.16.5-GCCcore-11.3.0
   devel/Automake/1.16.5-GCCcore-12.2.0
   devel/Automake/1.16.5-GCCcore-12.3.0
   devel/Automake/1.16.5-GCCcore-13.2.0
   devel/Automake/1.16.5                          (D)
   devel/Autotools/20220317-GCCcore-11.3.0
   devel/Autotools/20220317-GCCcore-12.2.0
   devel/Autotools/20220317-GCCcore-12.3.0
   devel/Autotools/20220317-GCCcore-13.2.0
   devel/Autotools/20220317                       (D)
   devel/CMake/3.24.3-GCCcore-12.2.0
   devel/CMake/3.26.3-GCCcore-12.3.0
   devel/CMake/3.27.6-GCCcore-13.2.0              (D)
   devel/Doxygen/1.9.5-GCCcore-12.2.0
   devel/Doxygen/1.9.8-GCCcore-13.2.0             (D)
   devel/M4/1.4.18
   devel/M4/1.4.19-GCCcore-11.3.0
   devel/M4/1.4.19-GCCcore-12.2.0
   devel/M4/1.4.19-GCCcore-12.3.0
   devel/M4/1.4.19-GCCcore-13.2.0
   devel/M4/1.4.19                                (D)
   devel/SQLite/3.39.4-GCCcore-12.2.0
   devel/SQLite/3.42.0-GCCcore-12.3.0
   devel/SQLite/3.43.1-GCCcore-13.2.0             (D)
   devel/gperf/3.1-GCCcore-12.2.0
   devel/gperf/3.1-GCCcore-13.2.0                 (D)
   devel/intltool/0.51.0-GCCcore-12.2.0
   devel/intltool/0.51.0-GCCcore-13.2.0           (D)
   devel/make/4.4.1-GCCcore-12.3.0
   devel/make/4.4.1-GCCcore-13.2.0                (D)
   devel/ncurses/6.2
   devel/ncurses/6.3-GCCcore-11.3.0
   devel/ncurses/6.3-GCCcore-12.2.0
   devel/ncurses/6.3
   devel/ncurses/6.4-GCCcore-12.3.0
   devel/ncurses/6.4-GCCcore-13.2.0
   devel/ncurses/6.4                              (D)
   devel/pkgconf/1.8.0
   devel/pkgconf/1.9.3-GCCcore-12.2.0
   devel/pkgconf/1.9.5-GCCcore-12.3.0
   devel/pkgconf/2.0.3-GCCcore-13.2.0             (D)
   devel/protobuf/25.3-GCCcore-13.2.0
   devel/protobuf-python/4.25.3-GCCcore-13.2.0
   devel/xorg-macros/1.19.3-GCCcore-11.3.0
   devel/xorg-macros/1.19.3-GCCcore-12.2.0
   devel/xorg-macros/1.20.0-GCCcore-12.3.0
   devel/xorg-macros/1.20.0-GCCcore-13.2.0        (D)
   lang/Bison/3.8.2-GCCcore-11.3.0
   lang/Bison/3.8.2-GCCcore-12.2.0
   lang/Bison/3.8.2-GCCcore-12.3.0
   lang/Bison/3.8.2-GCCcore-13.2.0
   lang/Bison/3.8.2                               (D)
   lang/FriBidi/1.0.13-GCCcore-13.2.0
   lang/NASM/2.16.01-GCCcore-13.2.0
   lang/Perl/5.34.1-GCCcore-11.3.0
   lang/Perl/5.36.0-GCCcore-12.2.0
   lang/Perl/5.36.1-GCCcore-12.3.0
   lang/Perl/5.38.0-GCCcore-13.2.0                (D)
   lang/Perl-bundle-CPAN/5.38.0-GCCcore-13.2.0
   lang/Python/3.10.8-GCCcore-12.2.0-bare
   lang/Python/3.10.8-GCCcore-12.2.0
   lang/Python/3.11.3-GCCcore-12.3.0
   lang/Python/3.11.5-GCCcore-13.2.0              (D)
   lang/Python-bundle-PyPI/2023.06-GCCcore-12.3.0
   lang/Python-bundle-PyPI/2023.10-GCCcore-13.2.0 (D)
   lang/Rust/1.65.0-GCCcore-12.2.0
   lang/Rust/1.70.0-GCCcore-12.3.0
   lang/Rust/1.73.0-GCCcore-13.2.0                (D)
   lang/SciPy-bundle/2023.11-gfbf-2023b
   lang/Tcl/8.6.12-GCCcore-12.2.0
   lang/Tcl/8.6.13-GCCcore-12.3.0
   lang/Tcl/8.6.13-GCCcore-13.2.0                 (D)
   lang/Yasm/1.3.0-GCCcore-13.2.0
   lang/flex/2.6.4-GCCcore-11.3.0
   lang/flex/2.6.4-GCCcore-12.2.0
   lang/flex/2.6.4-GCCcore-12.3.0
   lang/flex/2.6.4-GCCcore-13.2.0
   lang/flex/2.6.4                                (D)
   lib/Abseil/20240116.1-GCCcore-13.2.0
   lib/Brotli/1.0.9-GCCcore-12.2.0
   lib/Brotli/1.1.0-GCCcore-13.2.0                (D)
   lib/Catch2/2.13.9-GCCcore-12.3.0
   lib/Catch2/2.13.9-GCCcore-13.2.0               (D)
   lib/FlexiBLAS/3.3.1-GCC-12.3.0
   lib/FlexiBLAS/3.3.1-GCC-13.2.0                 (D)
   lib/LibTIFF/4.6.0-GCCcore-13.2.0
   lib/OpenJPEG/2.5.0-GCCcore-13.2.0
   lib/PMIx/4.2.4-GCCcore-12.3.0
   lib/PMIx/4.2.6-GCCcore-13.2.0                  (D)
   lib/PyYAML/6.0.1-GCCcore-13.2.0
   lib/SDL2/2.28.5-GCCcore-13.2.0
   lib/UCC/1.2.0-GCCcore-12.3.0
   lib/UCC/1.2.0-GCCcore-13.2.0                   (D)
   lib/UCX/1.14.1-GCCcore-12.3.0
   lib/UCX/1.15.0-GCCcore-13.2.0                  (D)
   lib/ffnvcodec/12.1.14.0
   lib/giflib/5.2.1-GCCcore-13.2.0
   lib/json-c/0.17-GCCcore-13.2.0
   lib/libdrm/2.4.114-GCCcore-12.2.0
   lib/libevent/2.1.12-GCCcore-12.3.0
   lib/libevent/2.1.12-GCCcore-13.2.0             (D)
   lib/libfabric/1.18.0-GCCcore-12.3.0
   lib/libfabric/1.19.0-GCCcore-13.2.0            (D)
   lib/libffi/3.4.4-GCCcore-12.2.0
   lib/libffi/3.4.4-GCCcore-12.3.0
   lib/libffi/3.4.4-GCCcore-13.2.0                (D)
   lib/libiconv/1.17-GCCcore-12.2.0
   lib/libiconv/1.17-GCCcore-13.2.0               (D)
   lib/libjpeg-turbo/3.0.1-GCCcore-13.2.0
   lib/libpng/1.6.38-GCCcore-12.2.0
   lib/libpng/1.6.40-GCCcore-13.2.0               (D)
   lib/libreadline/8.1.2-GCCcore-11.3.0
   lib/libreadline/8.2-GCCcore-12.2.0
   lib/libreadline/8.2-GCCcore-12.3.0
   lib/libreadline/8.2-GCCcore-13.2.0             (D)
   lib/libtool/2.4.7-GCCcore-11.3.0
   lib/libtool/2.4.7-GCCcore-12.2.0
   lib/libtool/2.4.7-GCCcore-12.3.0
   lib/libtool/2.4.7-GCCcore-13.2.0
   lib/libtool/2.4.7                              (D)
   lib/libwebp/1.3.2-GCCcore-13.2.0
   lib/libxml2/2.9.13-GCCcore-11.3.0
   lib/libxml2/2.10.3-GCCcore-12.2.0
   lib/libxml2/2.11.4-GCCcore-12.3.0
   lib/libxml2/2.11.5-GCCcore-13.2.0              (D)
   lib/libyaml/0.2.5-GCCcore-13.2.0
   lib/lz4/1.9.4-GCCcore-13.2.0
   lib/pybind11/2.11.1-GCCcore-12.3.0
   lib/pybind11/2.11.1-GCCcore-13.2.0             (D)
   lib/scikit-build/0.17.6-GCCcore-12.3.0
   lib/scikit-build/0.17.6-GCCcore-13.2.0         (D)
   lib/zlib/1.2.12-GCCcore-11.3.0
   lib/zlib/1.2.12-GCCcore-12.2.0
   lib/zlib/1.2.12
   lib/zlib/1.2.13-GCCcore-12.3.0
   lib/zlib/1.2.13-GCCcore-13.2.0
   lib/zlib/1.2.13                                (D)
   lib/zstd/1.5.5-GCCcore-13.2.0
   math/Eigen/3.4.0-GCCcore-12.3.0
   math/Eigen/3.4.0-GCCcore-13.2.0                (D)
   math/GMP/6.2.1-GCCcore-12.2.0
   math/GMP/6.3.0-GCCcore-13.2.0                  (D)
   math/MPC/1.3.1-GCCcore-13.2.0
   math/MPFR/4.2.1-GCCcore-13.2.0
   math/gmpy2/2.1.5-GCC-13.2.0
   math/sympy/1.12-gfbf-2023b
   mpi/OpenMPI/4.1.5-GCC-12.3.0
   mpi/OpenMPI/4.1.6-GCC-13.2.0                   (D)
   numlib/BLIS/0.9.0-GCC-12.3.0
   numlib/BLIS/0.9.0-GCC-13.2.0                   (D)
   numlib/FFTW/3.3.10-GCC-12.3.0
   numlib/FFTW/3.3.10-GCC-13.2.0                  (D)
   numlib/FFTW.MPI/3.3.10-gompi-2023a
   numlib/FFTW.MPI/3.3.10-gompi-2023b             (D)
   numlib/OpenBLAS/0.3.23-GCC-12.3.0
   numlib/OpenBLAS/0.3.24-GCC-13.2.0              (D)
   numlib/ScaLAPACK/2.2.0-gompi-2023a-fb
   numlib/ScaLAPACK/2.2.0-gompi-2023b-fb          (D)
   numlib/cuDNN/8.4.1.50-CUDA-11.7.0
   numlib/cuDNN/8.9.7.29-CUDA-12.3.0              (D)
   system/CUDA/11.3.1
   system/CUDA/11.4.2
   system/CUDA/11.5.0
   system/CUDA/11.5.2
   system/CUDA/11.6.0
   system/CUDA/11.7.0
   system/CUDA/11.8.0
   system/CUDA/12.1.0
   system/CUDA/12.2.0
   system/CUDA/12.3.0
   system/CUDA/12.4.0                             (D)
   system/OpenSSL/1.1
   system/hwloc/2.7.1-GCCcore-11.3.0
   system/hwloc/2.9.1-GCCcore-12.3.0
   system/hwloc/2.9.2-GCCcore-13.2.0              (D)
   system/libdeflate/1.19-GCCcore-13.2.0
   system/libpciaccess/0.16-GCCcore-11.3.0
   system/libpciaccess/0.17-GCCcore-12.2.0
   system/libpciaccess/0.17-GCCcore-12.3.0
   system/libpciaccess/0.17-GCCcore-13.2.0        (D)
   toolchain/foss/2023a
   toolchain/foss/2023b                           (D)
   toolchain/gfbf/2023b
   toolchain/gompi/2023a
   toolchain/gompi/2023b                          (D)
   tools/DB/18.1.40-GCCcore-11.3.0
   tools/DB/18.1.40-GCCcore-12.2.0                (D)
   tools/Meson/0.64.0-GCCcore-12.2.0
   tools/Meson/1.2.3-GCCcore-13.2.0               (D)
   tools/Ninja/1.11.1-GCCcore-12.2.0
   tools/Ninja/1.11.1-GCCcore-12.3.0
   tools/Ninja/1.11.1-GCCcore-13.2.0              (D)
   tools/UnZip/6.0-GCCcore-12.2.0
   tools/UnZip/6.0-GCCcore-12.3.0
   tools/UnZip/6.0-GCCcore-13.2.0                 (D)
   tools/XZ/5.2.5-GCCcore-11.3.0
   tools/XZ/5.2.7-GCCcore-12.2.0
   tools/XZ/5.4.2-GCCcore-12.3.0
   tools/XZ/5.4.4-GCCcore-13.2.0                  (D)
   tools/Z3/4.13.0-GCCcore-13.2.0
   tools/binutils/2.38-GCCcore-11.3.0
   tools/binutils/2.38
   tools/binutils/2.39-GCCcore-12.2.0
   tools/binutils/2.39
   tools/binutils/2.40-GCCcore-12.3.0
   tools/binutils/2.40-GCCcore-13.2.0
   tools/binutils/2.40                            (D)
   tools/bzip2/1.0.8-GCCcore-12.2.0
   tools/bzip2/1.0.8-GCCcore-12.3.0
   tools/bzip2/1.0.8-GCCcore-13.2.0               (D)
   tools/cURL/7.86.0-GCCcore-12.2.0
   tools/cURL/8.0.1-GCCcore-12.3.0
   tools/cURL/8.3.0-GCCcore-13.2.0                (D)
   tools/cffi/1.15.1-GCCcore-12.3.0
   tools/cffi/1.15.1-GCCcore-13.2.0               (D)
   tools/cryptography/41.0.1-GCCcore-12.3.0
   tools/cryptography/41.0.5-GCCcore-13.2.0       (D)
   tools/expat/2.4.8-GCCcore-11.3.0
   tools/expat/2.4.9-GCCcore-12.2.0
   tools/expat/2.5.0-GCCcore-12.3.0
   tools/expat/2.5.0-GCCcore-13.2.0               (D)
   tools/expecttest/0.2.1-GCCcore-13.2.0
   tools/flit/3.9.0-GCCcore-12.3.0
   tools/flit/3.9.0-GCCcore-13.2.0                (D)
   tools/gettext/0.21
   tools/gettext/0.21.1-GCCcore-12.2.0
   tools/gettext/0.21.1-GCCcore-12.3.0
   tools/gettext/0.21.1
   tools/gettext/0.22-GCCcore-13.2.0
   tools/gettext/0.22                             (D)
   tools/git/2.38.1-GCCcore-12.2.0-nodocs
   tools/git/2.41.0-GCCcore-12.3.0-nodocs
   tools/git/2.42.0-GCCcore-13.2.0                (D)
   tools/groff/1.22.4-GCCcore-11.3.0
   tools/groff/1.22.4-GCCcore-12.2.0
   tools/groff/1.23.0-GCCcore-13.2.0              (D)
   tools/gzip/1.13-GCCcore-13.2.0
   tools/hatchling/1.18.0-GCCcore-12.3.0
   tools/hatchling/1.18.0-GCCcore-13.2.0          (D)
   tools/help2man/1.49.2-GCCcore-11.3.0
   tools/help2man/1.49.2-GCCcore-12.2.0
   tools/help2man/1.49.3-GCCcore-12.3.0
   tools/help2man/1.49.3-GCCcore-13.2.0           (D)
   tools/hypothesis/6.90.0-GCCcore-13.2.0
   tools/libarchive/3.6.1-GCCcore-12.2.0
   tools/libarchive/3.6.2-GCCcore-12.3.0
   tools/libarchive/3.7.2-GCCcore-13.2.0          (D)
   tools/meson-python/0.15.0-GCCcore-13.2.0
   tools/networkx/3.2.1-gfbf-2023b
   tools/numactl/2.0.14-GCCcore-11.3.0
   tools/numactl/2.0.16-GCCcore-12.3.0
   tools/numactl/2.0.16-GCCcore-13.2.0            (D)
   tools/nvtop/3.0.1-GCCcore-12.2.0
   tools/patchelf/0.18.0-GCCcore-12.3.0
   tools/patchelf/0.18.0-GCCcore-13.2.0           (D)
   tools/poetry/1.5.1-GCCcore-12.3.0
   tools/poetry/1.6.1-GCCcore-13.2.0              (D)
   tools/pytest-flakefinder/1.1.0-GCCcore-13.2.0
   tools/pytest-rerunfailures/14.0-GCCcore-13.2.0
   tools/pytest-shard/0.1.2-GCCcore-13.2.0
   tools/setuptools-rust/1.6.0-GCCcore-12.3.0
   tools/setuptools-rust/1.8.0-GCCcore-13.2.0     (D)
   tools/util-linux/2.38.1-GCCcore-12.2.0
   tools/util-linux/2.39-GCCcore-13.2.0           (D)
   tools/virtualenv/20.23.1-GCCcore-12.3.0
   tools/virtualenv/20.24.6-GCCcore-13.2.0        (D)
   vis/FFmpeg/6.0-GCCcore-13.2.0
   vis/LittleCMS/2.15-GCCcore-13.2.0
   vis/Pillow/10.2.0-GCCcore-13.2.0
   vis/X11/20221110-GCCcore-12.2.0
   vis/X11/20231019-GCCcore-13.2.0                (D)
   vis/fontconfig/2.14.1-GCCcore-12.2.0
   vis/fontconfig/2.14.2-GCCcore-13.2.0           (D)
   vis/freetype/2.12.1-GCCcore-12.2.0
   vis/freetype/2.13.2-GCCcore-13.2.0             (D)
   vis/jbigkit/2.1-GCCcore-13.2.0
   vis/x264/20231019-GCCcore-13.2.0
   vis/x265/3.5-GCCcore-13.2.0

  Where:
   D:  Default Module
   L:  Module is loaded

Use "module spider" to find all possible modules.
Use "module keyword key1 key2 ..." to search for all possible modules matching
any of the "keys".

Lmod has detected the following error: The following module(s) are unknown:
"cuda/11.7"

Please check the spelling or version number. Also try "module spider ..."



wandb: Using wandb-core as the SDK backend. Please refer to https://wandb.me/wandb-core for more information.
wandb: Currently logged in as: williambittner (william_masterthesis). Use `wandb login --relogin` to force relogin
wandb: WARNING Path /work/williamb/gnode_wandb/wandb/ wasn't writable, using system temp directory.
wandb: Tracking run with wandb version 0.18.5
wandb: Run data is saved locally in /tmp/wandb/run-20241212_084304-fwo3eqeh
wandb: Run `wandb offline` to turn off syncing.
wandb: Syncing run glorious-jazz-19
wandb: ⭐️ View project at https://wandb.ai/william_masterthesis/tmp
wandb: 🚀 View run at https://wandb.ai/william_masterthesis/tmp/runs/fwo3eqeh
Training:   0%|          | 0/100 [00:00<?, ?epoch/s]Training:   0%|          | 0/100 [00:00<?, ?epoch/s]
Traceback (most recent call last):
  File "/users/williamb/dev/gnode/main.py", line 166, in <module>
    main()
  File "/users/williamb/dev/gnode/main.py", line 136, in main
    trainer.train(train_dataloader, epochs=epochs)
  File "/athenahomes/williamb/dev/gnode/trainer.py", line 59, in train
    avg_loss = self.train_one_epoch(dataloader)
  File "/athenahomes/williamb/dev/gnode/trainer.py", line 43, in train_one_epoch
    pred = self.model(X_t)
  File "/users/williamb/miniconda3/envs/gaussian_splatting_athena/lib/python3.8/site-packages/torch/nn/modules/module.py", line 1553, in _wrapped_call_impl
    return self._call_impl(*args, **kwargs)
  File "/users/williamb/miniconda3/envs/gaussian_splatting_athena/lib/python3.8/site-packages/torch/nn/modules/module.py", line 1562, in _call_impl
    return forward_call(*args, **kwargs)
  File "/athenahomes/williamb/dev/gnode/model.py", line 71, in forward
    x, _ = self.sequence_processor(x)
  File "/users/williamb/miniconda3/envs/gaussian_splatting_athena/lib/python3.8/site-packages/torch/nn/modules/module.py", line 1553, in _wrapped_call_impl
    return self._call_impl(*args, **kwargs)
  File "/users/williamb/miniconda3/envs/gaussian_splatting_athena/lib/python3.8/site-packages/torch/nn/modules/module.py", line 1562, in _call_impl
    return forward_call(*args, **kwargs)
  File "/users/williamb/miniconda3/envs/gaussian_splatting_athena/lib/python3.8/site-packages/torch/nn/modules/rnn.py", line 917, in forward
    result = _VF.lstm(input, hx, self._flat_weights, self.bias, self.num_layers,
torch.OutOfMemoryError: CUDA out of memory. Tried to allocate 39.89 GiB. GPU 0 has a total capacity of 22.37 GiB of which 11.67 GiB is free. Including non-PyTorch memory, this process has 10.70 GiB memory in use. Of the allocated memory 10.52 GiB is allocated by PyTorch, and 5.14 MiB is reserved by PyTorch but unallocated. If reserved but unallocated memory is large try setting PYTORCH_CUDA_ALLOC_CONF=expandable_segments:True to avoid fragmentation.  See documentation for Memory Management  (https://pytorch.org/docs/stable/notes/cuda.html#environment-variables)
Traceback (most recent call last):
  File "/users/williamb/dev/gnode/main.py", line 166, in <module>
    main()
  File "/users/williamb/dev/gnode/main.py", line 136, in main
    trainer.train(train_dataloader, epochs=epochs)
  File "/athenahomes/williamb/dev/gnode/trainer.py", line 59, in train
    avg_loss = self.train_one_epoch(dataloader)
  File "/athenahomes/williamb/dev/gnode/trainer.py", line 43, in train_one_epoch
    pred = self.model(X_t)
  File "/users/williamb/miniconda3/envs/gaussian_splatting_athena/lib/python3.8/site-packages/torch/nn/modules/module.py", line 1553, in _wrapped_call_impl
    return self._call_impl(*args, **kwargs)
  File "/users/williamb/miniconda3/envs/gaussian_splatting_athena/lib/python3.8/site-packages/torch/nn/modules/module.py", line 1562, in _call_impl
    return forward_call(*args, **kwargs)
  File "/athenahomes/williamb/dev/gnode/model.py", line 71, in forward
    x, _ = self.sequence_processor(x)
  File "/users/williamb/miniconda3/envs/gaussian_splatting_athena/lib/python3.8/site-packages/torch/nn/modules/module.py", line 1553, in _wrapped_call_impl
    return self._call_impl(*args, **kwargs)
  File "/users/williamb/miniconda3/envs/gaussian_splatting_athena/lib/python3.8/site-packages/torch/nn/modules/module.py", line 1562, in _call_impl
    return forward_call(*args, **kwargs)
  File "/users/williamb/miniconda3/envs/gaussian_splatting_athena/lib/python3.8/site-packages/torch/nn/modules/rnn.py", line 917, in forward
    result = _VF.lstm(input, hx, self._flat_weights, self.bias, self.num_layers,
torch.OutOfMemoryError: CUDA out of memory. Tried to allocate 39.89 GiB. GPU 0 has a total capacity of 22.37 GiB of which 11.67 GiB is free. Including non-PyTorch memory, this process has 10.70 GiB memory in use. Of the allocated memory 10.52 GiB is allocated by PyTorch, and 5.14 MiB is reserved by PyTorch but unallocated. If reserved but unallocated memory is large try setting PYTORCH_CUDA_ALLOC_CONF=expandable_segments:True to avoid fragmentation.  See documentation for Memory Management  (https://pytorch.org/docs/stable/notes/cuda.html#environment-variables)
